<?xml version="1.0" encoding="UTF-8"?>
<testsuite xmlns:xsi="http://www.w3.org/2001/XMLSchema-instance" xsi:noNamespaceSchemaLocation="https://maven.apache.org/surefire/maven-surefire-plugin/xsd/surefire-test-report.xsd" version="3.0.2" name="com.mycart.mycart_app.MycartAppApplicationTests" time="5.767" tests="1" errors="0" skipped="0" failures="0">
  <properties>
    <property name="java.specification.version" value="21"/>
    <property name="sun.cpu.isalist" value="amd64"/>
    <property name="sun.jnu.encoding" value="Cp1252"/>
    <property name="java.class.path" value="C:\Users\290676\Desktop\local req2\mycart-app\target\test-classes;C:\Users\290676\Desktop\local req2\mycart-app\target\classes;C:\Users\290676\.m2\repository\org\springframework\boot\spring-boot-starter-data-mongodb\3.4.1\spring-boot-starter-data-mongodb-3.4.1.jar;C:\Users\290676\.m2\repository\org\springframework\boot\spring-boot-starter\3.4.1\spring-boot-starter-3.4.1.jar;C:\Users\290676\.m2\repository\org\springframework\boot\spring-boot\3.4.1\spring-boot-3.4.1.jar;C:\Users\290676\.m2\repository\org\springframework\boot\spring-boot-autoconfigure\3.4.1\spring-boot-autoconfigure-3.4.1.jar;C:\Users\290676\.m2\repository\org\springframework\boot\spring-boot-starter-logging\3.4.1\spring-boot-starter-logging-3.4.1.jar;C:\Users\290676\.m2\repository\ch\qos\logback\logback-classic\1.5.12\logback-classic-1.5.12.jar;C:\Users\290676\.m2\repository\ch\qos\logback\logback-core\1.5.12\logback-core-1.5.12.jar;C:\Users\290676\.m2\repository\org\apache\logging\log4j\log4j-to-slf4j\2.24.3\log4j-to-slf4j-2.24.3.jar;C:\Users\290676\.m2\repository\org\apache\logging\log4j\log4j-api\2.24.3\log4j-api-2.24.3.jar;C:\Users\290676\.m2\repository\org\slf4j\jul-to-slf4j\2.0.16\jul-to-slf4j-2.0.16.jar;C:\Users\290676\.m2\repository\org\yaml\snakeyaml\2.3\snakeyaml-2.3.jar;C:\Users\290676\.m2\repository\org\mongodb\mongodb-driver-sync\5.2.1\mongodb-driver-sync-5.2.1.jar;C:\Users\290676\.m2\repository\org\springframework\data\spring-data-mongodb\4.4.1\spring-data-mongodb-4.4.1.jar;C:\Users\290676\.m2\repository\org\springframework\spring-tx\6.2.1\spring-tx-6.2.1.jar;C:\Users\290676\.m2\repository\org\springframework\spring-context\6.2.1\spring-context-6.2.1.jar;C:\Users\290676\.m2\repository\org\springframework\spring-aop\6.2.1\spring-aop-6.2.1.jar;C:\Users\290676\.m2\repository\io\micrometer\micrometer-observation\1.14.2\micrometer-observation-1.14.2.jar;C:\Users\290676\.m2\repository\io\micrometer\micrometer-commons\1.14.2\micrometer-commons-1.14.2.jar;C:\Users\290676\.m2\repository\org\springframework\spring-beans\6.2.1\spring-beans-6.2.1.jar;C:\Users\290676\.m2\repository\org\springframework\spring-expression\6.2.1\spring-expression-6.2.1.jar;C:\Users\290676\.m2\repository\org\springframework\data\spring-data-commons\3.4.1\spring-data-commons-3.4.1.jar;C:\Users\290676\.m2\repository\org\apache\camel\springboot\camel-spring-boot-starter\4.11.0\camel-spring-boot-starter-4.11.0.jar;C:\Users\290676\.m2\repository\org\apache\camel\springboot\camel-spring-boot\4.11.0\camel-spring-boot-4.11.0.jar;C:\Users\290676\.m2\repository\org\apache\camel\camel-spring\4.11.0\camel-spring-4.11.0.jar;C:\Users\290676\.m2\repository\org\apache\camel\camel-spring-main\4.11.0\camel-spring-main-4.11.0.jar;C:\Users\290676\.m2\repository\org\apache\camel\camel-main\4.11.0\camel-main-4.11.0.jar;C:\Users\290676\.m2\repository\org\apache\camel\camel-util-json\4.11.0\camel-util-json-4.11.0.jar;C:\Users\290676\.m2\repository\org\apache\camel\springboot\camel-core-starter\4.11.0\camel-core-starter-4.11.0.jar;C:\Users\290676\.m2\repository\org\apache\camel\springboot\camel-bean-starter\4.11.0\camel-bean-starter-4.11.0.jar;C:\Users\290676\.m2\repository\org\apache\camel\springboot\camel-browse-starter\4.11.0\camel-browse-starter-4.11.0.jar;C:\Users\290676\.m2\repository\org\apache\camel\springboot\camel-controlbus-starter\4.11.0\camel-controlbus-starter-4.11.0.jar;C:\Users\290676\.m2\repository\org\apache\camel\springboot\camel-dataformat-starter\4.11.0\camel-dataformat-starter-4.11.0.jar;C:\Users\290676\.m2\repository\org\apache\camel\springboot\camel-dataset-starter\4.11.0\camel-dataset-starter-4.11.0.jar;C:\Users\290676\.m2\repository\org\apache\camel\springboot\camel-direct-starter\4.11.0\camel-direct-starter-4.11.0.jar;C:\Users\290676\.m2\repository\org\apache\camel\springboot\camel-file-starter\4.11.0\camel-file-starter-4.11.0.jar;C:\Users\290676\.m2\repository\org\apache\camel\springboot\camel-language-starter\4.11.0\camel-language-starter-4.11.0.jar;C:\Users\290676\.m2\repository\org\apache\camel\springboot\camel-log-starter\4.11.0\camel-log-starter-4.11.0.jar;C:\Users\290676\.m2\repository\org\apache\camel\springboot\camel-mock-starter\4.11.0\camel-mock-starter-4.11.0.jar;C:\Users\290676\.m2\repository\org\apache\camel\springboot\camel-ref-starter\4.11.0\camel-ref-starter-4.11.0.jar;C:\Users\290676\.m2\repository\org\apache\camel\springboot\camel-rest-starter\4.11.0\camel-rest-starter-4.11.0.jar;C:\Users\290676\.m2\repository\org\apache\camel\springboot\camel-saga-starter\4.11.0\camel-saga-starter-4.11.0.jar;C:\Users\290676\.m2\repository\org\apache\camel\springboot\camel-scheduler-starter\4.11.0\camel-scheduler-starter-4.11.0.jar;C:\Users\290676\.m2\repository\org\apache\camel\springboot\camel-seda-starter\4.11.0\camel-seda-starter-4.11.0.jar;C:\Users\290676\.m2\repository\org\apache\camel\springboot\camel-stub-starter\4.11.0\camel-stub-starter-4.11.0.jar;C:\Users\290676\.m2\repository\org\apache\camel\springboot\camel-timer-starter\4.11.0\camel-timer-starter-4.11.0.jar;C:\Users\290676\.m2\repository\org\apache\camel\springboot\camel-validator-starter\4.11.0\camel-validator-starter-4.11.0.jar;C:\Users\290676\.m2\repository\org\apache\camel\springboot\camel-xpath-starter\4.11.0\camel-xpath-starter-4.11.0.jar;C:\Users\290676\.m2\repository\org\apache\camel\springboot\camel-xslt-starter\4.11.0\camel-xslt-starter-4.11.0.jar;C:\Users\290676\.m2\repository\org\apache\camel\springboot\camel-xml-jaxp-starter\4.11.0\camel-xml-jaxp-starter-4.11.0.jar;C:\Users\290676\.m2\repository\org\apache\camel\camel-netty-http\4.11.0\camel-netty-http-4.11.0.jar;C:\Users\290676\.m2\repository\org\apache\camel\camel-netty\4.11.0\camel-netty-4.11.0.jar;C:\Users\290676\.m2\repository\io\netty\netty-transport-native-kqueue\4.1.116.Final\netty-transport-native-kqueue-4.1.116.Final.jar;C:\Users\290676\.m2\repository\io\netty\netty-transport-classes-kqueue\4.1.116.Final\netty-transport-classes-kqueue-4.1.116.Final.jar;C:\Users\290676\.m2\repository\org\apache\commons\commons-pool2\2.12.0\commons-pool2-2.12.0.jar;C:\Users\290676\.m2\repository\io\netty\netty-buffer\4.1.116.Final\netty-buffer-4.1.116.Final.jar;C:\Users\290676\.m2\repository\io\netty\netty-codec\4.1.116.Final\netty-codec-4.1.116.Final.jar;C:\Users\290676\.m2\repository\io\netty\netty-common\4.1.116.Final\netty-common-4.1.116.Final.jar;C:\Users\290676\.m2\repository\io\netty\netty-handler\4.1.116.Final\netty-handler-4.1.116.Final.jar;C:\Users\290676\.m2\repository\io\netty\netty-resolver\4.1.116.Final\netty-resolver-4.1.116.Final.jar;C:\Users\290676\.m2\repository\io\netty\netty-transport\4.1.116.Final\netty-transport-4.1.116.Final.jar;C:\Users\290676\.m2\repository\io\netty\netty-transport-native-epoll\4.1.116.Final\netty-transport-native-epoll-4.1.116.Final.jar;C:\Users\290676\.m2\repository\io\netty\netty-transport-classes-epoll\4.1.116.Final\netty-transport-classes-epoll-4.1.116.Final.jar;C:\Users\290676\.m2\repository\io\netty\netty-transport-native-unix-common\4.1.116.Final\netty-transport-native-unix-common-4.1.116.Final.jar;C:\Users\290676\.m2\repository\io\netty\netty-codec-http\4.1.116.Final\netty-codec-http-4.1.116.Final.jar;C:\Users\290676\.m2\repository\org\apache\camel\camel-http-base\4.11.0\camel-http-base-4.11.0.jar;C:\Users\290676\.m2\repository\org\apache\camel\camel-cloud\4.11.0\camel-cloud-4.11.0.jar;C:\Users\290676\.m2\repository\org\apache\camel\camel-core-model\4.11.0\camel-core-model-4.11.0.jar;C:\Users\290676\.m2\repository\org\apache\camel\camel-jsonpath\4.11.0\camel-jsonpath-4.11.0.jar;C:\Users\290676\.m2\repository\org\apache\camel\camel-support\4.11.0\camel-support-4.11.0.jar;C:\Users\290676\.m2\repository\org\apache\camel\camel-management-api\4.11.0\camel-management-api-4.11.0.jar;C:\Users\290676\.m2\repository\org\apache\camel\camel-xml-jaxp-util\4.11.0\camel-xml-jaxp-util-4.11.0.jar;C:\Users\290676\.m2\repository\org\apache\camel\camel-file\4.11.0\camel-file-4.11.0.jar;C:\Users\290676\.m2\repository\commons-codec\commons-codec\1.17.1\commons-codec-1.17.1.jar;C:\Users\290676\.m2\repository\net\minidev\json-smart\2.5.1\json-smart-2.5.1.jar;C:\Users\290676\.m2\repository\net\minidev\accessors-smart\2.5.1\accessors-smart-2.5.1.jar;C:\Users\290676\.m2\repository\org\ow2\asm\asm\9.6\asm-9.6.jar;C:\Users\290676\.m2\repository\com\jayway\jsonpath\json-path\2.9.0\json-path-2.9.0.jar;C:\Users\290676\.m2\repository\com\fasterxml\jackson\core\jackson-databind\2.18.2\jackson-databind-2.18.2.jar;C:\Users\290676\.m2\repository\org\springframework\boot\spring-boot-starter-test\3.4.1\spring-boot-starter-test-3.4.1.jar;C:\Users\290676\.m2\repository\org\springframework\boot\spring-boot-test\3.4.1\spring-boot-test-3.4.1.jar;C:\Users\290676\.m2\repository\org\springframework\boot\spring-boot-test-autoconfigure\3.4.1\spring-boot-test-autoconfigure-3.4.1.jar;C:\Users\290676\.m2\repository\jakarta\xml\bind\jakarta.xml.bind-api\4.0.2\jakarta.xml.bind-api-4.0.2.jar;C:\Users\290676\.m2\repository\jakarta\activation\jakarta.activation-api\2.1.3\jakarta.activation-api-2.1.3.jar;C:\Users\290676\.m2\repository\org\assertj\assertj-core\3.26.3\assertj-core-3.26.3.jar;C:\Users\290676\.m2\repository\net\bytebuddy\byte-buddy\1.15.11\byte-buddy-1.15.11.jar;C:\Users\290676\.m2\repository\org\awaitility\awaitility\4.2.2\awaitility-4.2.2.jar;C:\Users\290676\.m2\repository\org\hamcrest\hamcrest\2.2\hamcrest-2.2.jar;C:\Users\290676\.m2\repository\org\junit\jupiter\junit-jupiter\5.11.4\junit-jupiter-5.11.4.jar;C:\Users\290676\.m2\repository\org\junit\jupiter\junit-jupiter-api\5.11.4\junit-jupiter-api-5.11.4.jar;C:\Users\290676\.m2\repository\org\opentest4j\opentest4j\1.3.0\opentest4j-1.3.0.jar;C:\Users\290676\.m2\repository\org\junit\platform\junit-platform-commons\1.11.4\junit-platform-commons-1.11.4.jar;C:\Users\290676\.m2\repository\org\apiguardian\apiguardian-api\1.1.2\apiguardian-api-1.1.2.jar;C:\Users\290676\.m2\repository\org\junit\jupiter\junit-jupiter-params\5.11.4\junit-jupiter-params-5.11.4.jar;C:\Users\290676\.m2\repository\org\junit\jupiter\junit-jupiter-engine\5.11.4\junit-jupiter-engine-5.11.4.jar;C:\Users\290676\.m2\repository\org\junit\platform\junit-platform-engine\1.11.4\junit-platform-engine-1.11.4.jar;C:\Users\290676\.m2\repository\org\mockito\mockito-core\5.14.2\mockito-core-5.14.2.jar;C:\Users\290676\.m2\repository\net\bytebuddy\byte-buddy-agent\1.15.11\byte-buddy-agent-1.15.11.jar;C:\Users\290676\.m2\repository\org\objenesis\objenesis\3.3\objenesis-3.3.jar;C:\Users\290676\.m2\repository\org\mockito\mockito-junit-jupiter\5.14.2\mockito-junit-jupiter-5.14.2.jar;C:\Users\290676\.m2\repository\org\skyscreamer\jsonassert\1.5.3\jsonassert-1.5.3.jar;C:\Users\290676\.m2\repository\com\vaadin\external\google\android-json\0.0.20131108.vaadin1\android-json-0.0.20131108.vaadin1.jar;C:\Users\290676\.m2\repository\org\springframework\spring-core\6.2.1\spring-core-6.2.1.jar;C:\Users\290676\.m2\repository\org\springframework\spring-jcl\6.2.1\spring-jcl-6.2.1.jar;C:\Users\290676\.m2\repository\org\springframework\spring-test\6.2.1\spring-test-6.2.1.jar;C:\Users\290676\.m2\repository\org\xmlunit\xmlunit-core\2.10.0\xmlunit-core-2.10.0.jar;C:\Users\290676\.m2\repository\org\apache\camel\camel-mongodb\4.11.0\camel-mongodb-4.11.0.jar;C:\Users\290676\.m2\repository\org\mongodb\mongodb-driver-core\5.2.1\mongodb-driver-core-5.2.1.jar;C:\Users\290676\.m2\repository\org\mongodb\bson-record-codec\5.2.1\bson-record-codec-5.2.1.jar;C:\Users\290676\.m2\repository\org\mongodb\bson\5.2.1\bson-5.2.1.jar;C:\Users\290676\.m2\repository\org\apache\camel\camel-rest\4.11.0\camel-rest-4.11.0.jar;C:\Users\290676\.m2\repository\org\apache\camel\camel-tooling-model\4.11.0\camel-tooling-model-4.11.0.jar;C:\Users\290676\.m2\repository\org\apache\camel\camel-jackson\4.11.0\camel-jackson-4.11.0.jar;C:\Users\290676\.m2\repository\org\apache\camel\camel-core-engine\4.11.0\camel-core-engine-4.11.0.jar;C:\Users\290676\.m2\repository\org\apache\camel\camel-core-reifier\4.11.0\camel-core-reifier-4.11.0.jar;C:\Users\290676\.m2\repository\org\apache\camel\camel-core\4.10.3\camel-core-4.10.3.jar;C:\Users\290676\.m2\repository\org\apache\camel\camel-core-languages\4.10.3\camel-core-languages-4.10.3.jar;C:\Users\290676\.m2\repository\org\apache\camel\camel-bean\4.10.3\camel-bean-4.10.3.jar;C:\Users\290676\.m2\repository\org\apache\camel\camel-browse\4.10.3\camel-browse-4.10.3.jar;C:\Users\290676\.m2\repository\org\apache\camel\camel-cluster\4.10.3\camel-cluster-4.10.3.jar;C:\Users\290676\.m2\repository\org\apache\camel\camel-controlbus\4.10.3\camel-controlbus-4.10.3.jar;C:\Users\290676\.m2\repository\org\apache\camel\camel-dataformat\4.10.3\camel-dataformat-4.10.3.jar;C:\Users\290676\.m2\repository\org\apache\camel\camel-dataset\4.10.3\camel-dataset-4.10.3.jar;C:\Users\290676\.m2\repository\org\apache\camel\camel-direct\4.10.3\camel-direct-4.10.3.jar;C:\Users\290676\.m2\repository\org\apache\camel\camel-health\4.10.3\camel-health-4.10.3.jar;C:\Users\290676\.m2\repository\org\apache\camel\camel-language\4.10.3\camel-language-4.10.3.jar;C:\Users\290676\.m2\repository\org\apache\camel\camel-log\4.10.3\camel-log-4.10.3.jar;C:\Users\290676\.m2\repository\org\apache\camel\camel-mock\4.10.3\camel-mock-4.10.3.jar;C:\Users\290676\.m2\repository\org\apache\camel\camel-ref\4.10.3\camel-ref-4.10.3.jar;C:\Users\290676\.m2\repository\org\apache\camel\camel-saga\4.10.3\camel-saga-4.10.3.jar;C:\Users\290676\.m2\repository\org\apache\camel\camel-scheduler\4.10.3\camel-scheduler-4.10.3.jar;C:\Users\290676\.m2\repository\org\apache\camel\camel-seda\4.10.3\camel-seda-4.10.3.jar;C:\Users\290676\.m2\repository\org\apache\camel\camel-stub\4.10.3\camel-stub-4.10.3.jar;C:\Users\290676\.m2\repository\org\apache\camel\camel-timer\4.10.3\camel-timer-4.10.3.jar;C:\Users\290676\.m2\repository\org\apache\camel\camel-validator\4.10.3\camel-validator-4.10.3.jar;C:\Users\290676\.m2\repository\org\apache\camel\camel-xpath\4.10.3\camel-xpath-4.10.3.jar;C:\Users\290676\.m2\repository\org\apache\camel\camel-xslt\4.10.3\camel-xslt-4.10.3.jar;C:\Users\290676\.m2\repository\org\apache\camel\camel-xml-io\4.10.3\camel-xml-io-4.10.3.jar;C:\Users\290676\.m2\repository\org\apache\camel\camel-xml-io-util\4.10.3\camel-xml-io-util-4.10.3.jar;C:\Users\290676\.m2\repository\org\apache\camel\camel-xml-jaxb\4.10.3\camel-xml-jaxb-4.10.3.jar;C:\Users\290676\.m2\repository\org\glassfish\jaxb\jaxb-runtime\4.0.5\jaxb-runtime-4.0.5.jar;C:\Users\290676\.m2\repository\org\glassfish\jaxb\jaxb-core\4.0.5\jaxb-core-4.0.5.jar;C:\Users\290676\.m2\repository\org\eclipse\angus\angus-activation\2.0.2\angus-activation-2.0.2.jar;C:\Users\290676\.m2\repository\org\glassfish\jaxb\txw2\4.0.5\txw2-4.0.5.jar;C:\Users\290676\.m2\repository\com\sun\istack\istack-commons-runtime\4.1.2\istack-commons-runtime-4.1.2.jar;C:\Users\290676\.m2\repository\org\apache\camel\camel-xml-jaxp\4.10.3\camel-xml-jaxp-4.10.3.jar;C:\Users\290676\.m2\repository\org\apache\camel\camel-yaml-io\4.10.3\camel-yaml-io-4.10.3.jar;C:\Users\290676\.m2\repository\org\apache\camel\camel-core-catalog\4.10.3\camel-core-catalog-4.10.3.jar;C:\Users\290676\.m2\repository\com\fasterxml\jackson\dataformat\jackson-dataformat-yaml\2.18.2\jackson-dataformat-yaml-2.18.2.jar;C:\Users\290676\.m2\repository\org\slf4j\slf4j-api\2.0.16\slf4j-api-2.0.16.jar;C:\Users\290676\.m2\repository\org\apache\camel\camel-core-processor\4.11.0\camel-core-processor-4.11.0.jar;C:\Users\290676\.m2\repository\org\apache\camel\camel-api\4.11.0\camel-api-4.11.0.jar;C:\Users\290676\.m2\repository\org\apache\camel\camel-base-engine\4.11.0\camel-base-engine-4.11.0.jar;C:\Users\290676\.m2\repository\org\apache\camel\camel-base\4.11.0\camel-base-4.11.0.jar;C:\Users\290676\.m2\repository\org\apache\camel\camel-util\4.11.0\camel-util-4.11.0.jar;C:\Users\290676\.m2\repository\org\springframework\boot\spring-boot-configuration-processor\3.4.1\spring-boot-configuration-processor-3.4.1.jar;C:\Users\290676\.m2\repository\org\apache\camel\springboot\camel-activemq-starter\4.11.0\camel-activemq-starter-4.11.0.jar;C:\Users\290676\.m2\repository\org\apache\camel\camel-activemq\4.11.0\camel-activemq-4.11.0.jar;C:\Users\290676\.m2\repository\org\apache\camel\camel-jms\4.11.0\camel-jms-4.11.0.jar;C:\Users\290676\.m2\repository\org\springframework\spring-jms\6.2.1\spring-jms-6.2.1.jar;C:\Users\290676\.m2\repository\org\springframework\spring-messaging\6.2.1\spring-messaging-6.2.1.jar;C:\Users\290676\.m2\repository\org\apache\activemq\activemq-client-jakarta\5.19.0\activemq-client-jakarta-5.19.0.jar;C:\Users\290676\.m2\repository\org\apache\activemq\activemq-client\6.1.6\activemq-client-6.1.6.jar;C:\Users\290676\.m2\repository\jakarta\jms\jakarta.jms-api\3.1.0\jakarta.jms-api-3.1.0.jar;C:\Users\290676\.m2\repository\org\fusesource\hawtbuf\hawtbuf\1.11\hawtbuf-1.11.jar;C:\Users\290676\.m2\repository\org\apache\activemq\activemq-broker\6.1.6\activemq-broker-6.1.6.jar;C:\Users\290676\.m2\repository\org\apache\activemq\activemq-openwire-legacy\6.1.4\activemq-openwire-legacy-6.1.4.jar;C:\Users\290676\.m2\repository\jakarta\annotation\jakarta.annotation-api\2.1.1\jakarta.annotation-api-2.1.1.jar;C:\Users\290676\.m2\repository\org\projectlombok\lombok\1.18.36\lombok-1.18.36.jar;C:\Users\290676\.m2\repository\com\fasterxml\jackson\datatype\jackson-datatype-jsr310\2.18.2\jackson-datatype-jsr310-2.18.2.jar;C:\Users\290676\.m2\repository\com\fasterxml\jackson\core\jackson-annotations\2.18.2\jackson-annotations-2.18.2.jar;C:\Users\290676\.m2\repository\com\fasterxml\jackson\core\jackson-core\2.18.2\jackson-core-2.18.2.jar;"/>
    <property name="java.vm.vendor" value="Oracle Corporation"/>
    <property name="sun.arch.data.model" value="64"/>
    <property name="user.variant" value=""/>
    <property name="java.vendor.url" value="https://java.oracle.com/"/>
    <property name="user.timezone" value="Asia/Calcutta"/>
    <property name="os.name" value="Windows 11"/>
    <property name="java.vm.specification.version" value="21"/>
    <property name="APPLICATION_NAME" value="mycart-app"/>
    <property name="sun.java.launcher" value="SUN_STANDARD"/>
    <property name="user.country" value="IN"/>
    <property name="sun.boot.library.path" value="C:\Program Files\Java\jdk-21.0.2\bin"/>
    <property name="sun.java.command" value="C:\Users\290676\AppData\Local\Temp\surefire7833301912920468054\surefirebooter-20250520154745684_3.jar C:\Users\290676\AppData\Local\Temp\surefire7833301912920468054 2025-05-20T15-47-45_457-jvmRun1 surefire-20250520154745684_1tmp surefire_0-20250520154745684_2tmp"/>
    <property name="jdk.debug" value="release"/>
    <property name="surefire.test.class.path" value="C:\Users\290676\Desktop\local req2\mycart-app\target\test-classes;C:\Users\290676\Desktop\local req2\mycart-app\target\classes;C:\Users\290676\.m2\repository\org\springframework\boot\spring-boot-starter-data-mongodb\3.4.1\spring-boot-starter-data-mongodb-3.4.1.jar;C:\Users\290676\.m2\repository\org\springframework\boot\spring-boot-starter\3.4.1\spring-boot-starter-3.4.1.jar;C:\Users\290676\.m2\repository\org\springframework\boot\spring-boot\3.4.1\spring-boot-3.4.1.jar;C:\Users\290676\.m2\repository\org\springframework\boot\spring-boot-autoconfigure\3.4.1\spring-boot-autoconfigure-3.4.1.jar;C:\Users\290676\.m2\repository\org\springframework\boot\spring-boot-starter-logging\3.4.1\spring-boot-starter-logging-3.4.1.jar;C:\Users\290676\.m2\repository\ch\qos\logback\logback-classic\1.5.12\logback-classic-1.5.12.jar;C:\Users\290676\.m2\repository\ch\qos\logback\logback-core\1.5.12\logback-core-1.5.12.jar;C:\Users\290676\.m2\repository\org\apache\logging\log4j\log4j-to-slf4j\2.24.3\log4j-to-slf4j-2.24.3.jar;C:\Users\290676\.m2\repository\org\apache\logging\log4j\log4j-api\2.24.3\log4j-api-2.24.3.jar;C:\Users\290676\.m2\repository\org\slf4j\jul-to-slf4j\2.0.16\jul-to-slf4j-2.0.16.jar;C:\Users\290676\.m2\repository\org\yaml\snakeyaml\2.3\snakeyaml-2.3.jar;C:\Users\290676\.m2\repository\org\mongodb\mongodb-driver-sync\5.2.1\mongodb-driver-sync-5.2.1.jar;C:\Users\290676\.m2\repository\org\springframework\data\spring-data-mongodb\4.4.1\spring-data-mongodb-4.4.1.jar;C:\Users\290676\.m2\repository\org\springframework\spring-tx\6.2.1\spring-tx-6.2.1.jar;C:\Users\290676\.m2\repository\org\springframework\spring-context\6.2.1\spring-context-6.2.1.jar;C:\Users\290676\.m2\repository\org\springframework\spring-aop\6.2.1\spring-aop-6.2.1.jar;C:\Users\290676\.m2\repository\io\micrometer\micrometer-observation\1.14.2\micrometer-observation-1.14.2.jar;C:\Users\290676\.m2\repository\io\micrometer\micrometer-commons\1.14.2\micrometer-commons-1.14.2.jar;C:\Users\290676\.m2\repository\org\springframework\spring-beans\6.2.1\spring-beans-6.2.1.jar;C:\Users\290676\.m2\repository\org\springframework\spring-expression\6.2.1\spring-expression-6.2.1.jar;C:\Users\290676\.m2\repository\org\springframework\data\spring-data-commons\3.4.1\spring-data-commons-3.4.1.jar;C:\Users\290676\.m2\repository\org\apache\camel\springboot\camel-spring-boot-starter\4.11.0\camel-spring-boot-starter-4.11.0.jar;C:\Users\290676\.m2\repository\org\apache\camel\springboot\camel-spring-boot\4.11.0\camel-spring-boot-4.11.0.jar;C:\Users\290676\.m2\repository\org\apache\camel\camel-spring\4.11.0\camel-spring-4.11.0.jar;C:\Users\290676\.m2\repository\org\apache\camel\camel-spring-main\4.11.0\camel-spring-main-4.11.0.jar;C:\Users\290676\.m2\repository\org\apache\camel\camel-main\4.11.0\camel-main-4.11.0.jar;C:\Users\290676\.m2\repository\org\apache\camel\camel-util-json\4.11.0\camel-util-json-4.11.0.jar;C:\Users\290676\.m2\repository\org\apache\camel\springboot\camel-core-starter\4.11.0\camel-core-starter-4.11.0.jar;C:\Users\290676\.m2\repository\org\apache\camel\springboot\camel-bean-starter\4.11.0\camel-bean-starter-4.11.0.jar;C:\Users\290676\.m2\repository\org\apache\camel\springboot\camel-browse-starter\4.11.0\camel-browse-starter-4.11.0.jar;C:\Users\290676\.m2\repository\org\apache\camel\springboot\camel-controlbus-starter\4.11.0\camel-controlbus-starter-4.11.0.jar;C:\Users\290676\.m2\repository\org\apache\camel\springboot\camel-dataformat-starter\4.11.0\camel-dataformat-starter-4.11.0.jar;C:\Users\290676\.m2\repository\org\apache\camel\springboot\camel-dataset-starter\4.11.0\camel-dataset-starter-4.11.0.jar;C:\Users\290676\.m2\repository\org\apache\camel\springboot\camel-direct-starter\4.11.0\camel-direct-starter-4.11.0.jar;C:\Users\290676\.m2\repository\org\apache\camel\springboot\camel-file-starter\4.11.0\camel-file-starter-4.11.0.jar;C:\Users\290676\.m2\repository\org\apache\camel\springboot\camel-language-starter\4.11.0\camel-language-starter-4.11.0.jar;C:\Users\290676\.m2\repository\org\apache\camel\springboot\camel-log-starter\4.11.0\camel-log-starter-4.11.0.jar;C:\Users\290676\.m2\repository\org\apache\camel\springboot\camel-mock-starter\4.11.0\camel-mock-starter-4.11.0.jar;C:\Users\290676\.m2\repository\org\apache\camel\springboot\camel-ref-starter\4.11.0\camel-ref-starter-4.11.0.jar;C:\Users\290676\.m2\repository\org\apache\camel\springboot\camel-rest-starter\4.11.0\camel-rest-starter-4.11.0.jar;C:\Users\290676\.m2\repository\org\apache\camel\springboot\camel-saga-starter\4.11.0\camel-saga-starter-4.11.0.jar;C:\Users\290676\.m2\repository\org\apache\camel\springboot\camel-scheduler-starter\4.11.0\camel-scheduler-starter-4.11.0.jar;C:\Users\290676\.m2\repository\org\apache\camel\springboot\camel-seda-starter\4.11.0\camel-seda-starter-4.11.0.jar;C:\Users\290676\.m2\repository\org\apache\camel\springboot\camel-stub-starter\4.11.0\camel-stub-starter-4.11.0.jar;C:\Users\290676\.m2\repository\org\apache\camel\springboot\camel-timer-starter\4.11.0\camel-timer-starter-4.11.0.jar;C:\Users\290676\.m2\repository\org\apache\camel\springboot\camel-validator-starter\4.11.0\camel-validator-starter-4.11.0.jar;C:\Users\290676\.m2\repository\org\apache\camel\springboot\camel-xpath-starter\4.11.0\camel-xpath-starter-4.11.0.jar;C:\Users\290676\.m2\repository\org\apache\camel\springboot\camel-xslt-starter\4.11.0\camel-xslt-starter-4.11.0.jar;C:\Users\290676\.m2\repository\org\apache\camel\springboot\camel-xml-jaxp-starter\4.11.0\camel-xml-jaxp-starter-4.11.0.jar;C:\Users\290676\.m2\repository\org\apache\camel\camel-netty-http\4.11.0\camel-netty-http-4.11.0.jar;C:\Users\290676\.m2\repository\org\apache\camel\camel-netty\4.11.0\camel-netty-4.11.0.jar;C:\Users\290676\.m2\repository\io\netty\netty-transport-native-kqueue\4.1.116.Final\netty-transport-native-kqueue-4.1.116.Final.jar;C:\Users\290676\.m2\repository\io\netty\netty-transport-classes-kqueue\4.1.116.Final\netty-transport-classes-kqueue-4.1.116.Final.jar;C:\Users\290676\.m2\repository\org\apache\commons\commons-pool2\2.12.0\commons-pool2-2.12.0.jar;C:\Users\290676\.m2\repository\io\netty\netty-buffer\4.1.116.Final\netty-buffer-4.1.116.Final.jar;C:\Users\290676\.m2\repository\io\netty\netty-codec\4.1.116.Final\netty-codec-4.1.116.Final.jar;C:\Users\290676\.m2\repository\io\netty\netty-common\4.1.116.Final\netty-common-4.1.116.Final.jar;C:\Users\290676\.m2\repository\io\netty\netty-handler\4.1.116.Final\netty-handler-4.1.116.Final.jar;C:\Users\290676\.m2\repository\io\netty\netty-resolver\4.1.116.Final\netty-resolver-4.1.116.Final.jar;C:\Users\290676\.m2\repository\io\netty\netty-transport\4.1.116.Final\netty-transport-4.1.116.Final.jar;C:\Users\290676\.m2\repository\io\netty\netty-transport-native-epoll\4.1.116.Final\netty-transport-native-epoll-4.1.116.Final.jar;C:\Users\290676\.m2\repository\io\netty\netty-transport-classes-epoll\4.1.116.Final\netty-transport-classes-epoll-4.1.116.Final.jar;C:\Users\290676\.m2\repository\io\netty\netty-transport-native-unix-common\4.1.116.Final\netty-transport-native-unix-common-4.1.116.Final.jar;C:\Users\290676\.m2\repository\io\netty\netty-codec-http\4.1.116.Final\netty-codec-http-4.1.116.Final.jar;C:\Users\290676\.m2\repository\org\apache\camel\camel-http-base\4.11.0\camel-http-base-4.11.0.jar;C:\Users\290676\.m2\repository\org\apache\camel\camel-cloud\4.11.0\camel-cloud-4.11.0.jar;C:\Users\290676\.m2\repository\org\apache\camel\camel-core-model\4.11.0\camel-core-model-4.11.0.jar;C:\Users\290676\.m2\repository\org\apache\camel\camel-jsonpath\4.11.0\camel-jsonpath-4.11.0.jar;C:\Users\290676\.m2\repository\org\apache\camel\camel-support\4.11.0\camel-support-4.11.0.jar;C:\Users\290676\.m2\repository\org\apache\camel\camel-management-api\4.11.0\camel-management-api-4.11.0.jar;C:\Users\290676\.m2\repository\org\apache\camel\camel-xml-jaxp-util\4.11.0\camel-xml-jaxp-util-4.11.0.jar;C:\Users\290676\.m2\repository\org\apache\camel\camel-file\4.11.0\camel-file-4.11.0.jar;C:\Users\290676\.m2\repository\commons-codec\commons-codec\1.17.1\commons-codec-1.17.1.jar;C:\Users\290676\.m2\repository\net\minidev\json-smart\2.5.1\json-smart-2.5.1.jar;C:\Users\290676\.m2\repository\net\minidev\accessors-smart\2.5.1\accessors-smart-2.5.1.jar;C:\Users\290676\.m2\repository\org\ow2\asm\asm\9.6\asm-9.6.jar;C:\Users\290676\.m2\repository\com\jayway\jsonpath\json-path\2.9.0\json-path-2.9.0.jar;C:\Users\290676\.m2\repository\com\fasterxml\jackson\core\jackson-databind\2.18.2\jackson-databind-2.18.2.jar;C:\Users\290676\.m2\repository\org\springframework\boot\spring-boot-starter-test\3.4.1\spring-boot-starter-test-3.4.1.jar;C:\Users\290676\.m2\repository\org\springframework\boot\spring-boot-test\3.4.1\spring-boot-test-3.4.1.jar;C:\Users\290676\.m2\repository\org\springframework\boot\spring-boot-test-autoconfigure\3.4.1\spring-boot-test-autoconfigure-3.4.1.jar;C:\Users\290676\.m2\repository\jakarta\xml\bind\jakarta.xml.bind-api\4.0.2\jakarta.xml.bind-api-4.0.2.jar;C:\Users\290676\.m2\repository\jakarta\activation\jakarta.activation-api\2.1.3\jakarta.activation-api-2.1.3.jar;C:\Users\290676\.m2\repository\org\assertj\assertj-core\3.26.3\assertj-core-3.26.3.jar;C:\Users\290676\.m2\repository\net\bytebuddy\byte-buddy\1.15.11\byte-buddy-1.15.11.jar;C:\Users\290676\.m2\repository\org\awaitility\awaitility\4.2.2\awaitility-4.2.2.jar;C:\Users\290676\.m2\repository\org\hamcrest\hamcrest\2.2\hamcrest-2.2.jar;C:\Users\290676\.m2\repository\org\junit\jupiter\junit-jupiter\5.11.4\junit-jupiter-5.11.4.jar;C:\Users\290676\.m2\repository\org\junit\jupiter\junit-jupiter-api\5.11.4\junit-jupiter-api-5.11.4.jar;C:\Users\290676\.m2\repository\org\opentest4j\opentest4j\1.3.0\opentest4j-1.3.0.jar;C:\Users\290676\.m2\repository\org\junit\platform\junit-platform-commons\1.11.4\junit-platform-commons-1.11.4.jar;C:\Users\290676\.m2\repository\org\apiguardian\apiguardian-api\1.1.2\apiguardian-api-1.1.2.jar;C:\Users\290676\.m2\repository\org\junit\jupiter\junit-jupiter-params\5.11.4\junit-jupiter-params-5.11.4.jar;C:\Users\290676\.m2\repository\org\junit\jupiter\junit-jupiter-engine\5.11.4\junit-jupiter-engine-5.11.4.jar;C:\Users\290676\.m2\repository\org\junit\platform\junit-platform-engine\1.11.4\junit-platform-engine-1.11.4.jar;C:\Users\290676\.m2\repository\org\mockito\mockito-core\5.14.2\mockito-core-5.14.2.jar;C:\Users\290676\.m2\repository\net\bytebuddy\byte-buddy-agent\1.15.11\byte-buddy-agent-1.15.11.jar;C:\Users\290676\.m2\repository\org\objenesis\objenesis\3.3\objenesis-3.3.jar;C:\Users\290676\.m2\repository\org\mockito\mockito-junit-jupiter\5.14.2\mockito-junit-jupiter-5.14.2.jar;C:\Users\290676\.m2\repository\org\skyscreamer\jsonassert\1.5.3\jsonassert-1.5.3.jar;C:\Users\290676\.m2\repository\com\vaadin\external\google\android-json\0.0.20131108.vaadin1\android-json-0.0.20131108.vaadin1.jar;C:\Users\290676\.m2\repository\org\springframework\spring-core\6.2.1\spring-core-6.2.1.jar;C:\Users\290676\.m2\repository\org\springframework\spring-jcl\6.2.1\spring-jcl-6.2.1.jar;C:\Users\290676\.m2\repository\org\springframework\spring-test\6.2.1\spring-test-6.2.1.jar;C:\Users\290676\.m2\repository\org\xmlunit\xmlunit-core\2.10.0\xmlunit-core-2.10.0.jar;C:\Users\290676\.m2\repository\org\apache\camel\camel-mongodb\4.11.0\camel-mongodb-4.11.0.jar;C:\Users\290676\.m2\repository\org\mongodb\mongodb-driver-core\5.2.1\mongodb-driver-core-5.2.1.jar;C:\Users\290676\.m2\repository\org\mongodb\bson-record-codec\5.2.1\bson-record-codec-5.2.1.jar;C:\Users\290676\.m2\repository\org\mongodb\bson\5.2.1\bson-5.2.1.jar;C:\Users\290676\.m2\repository\org\apache\camel\camel-rest\4.11.0\camel-rest-4.11.0.jar;C:\Users\290676\.m2\repository\org\apache\camel\camel-tooling-model\4.11.0\camel-tooling-model-4.11.0.jar;C:\Users\290676\.m2\repository\org\apache\camel\camel-jackson\4.11.0\camel-jackson-4.11.0.jar;C:\Users\290676\.m2\repository\org\apache\camel\camel-core-engine\4.11.0\camel-core-engine-4.11.0.jar;C:\Users\290676\.m2\repository\org\apache\camel\camel-core-reifier\4.11.0\camel-core-reifier-4.11.0.jar;C:\Users\290676\.m2\repository\org\apache\camel\camel-core\4.10.3\camel-core-4.10.3.jar;C:\Users\290676\.m2\repository\org\apache\camel\camel-core-languages\4.10.3\camel-core-languages-4.10.3.jar;C:\Users\290676\.m2\repository\org\apache\camel\camel-bean\4.10.3\camel-bean-4.10.3.jar;C:\Users\290676\.m2\repository\org\apache\camel\camel-browse\4.10.3\camel-browse-4.10.3.jar;C:\Users\290676\.m2\repository\org\apache\camel\camel-cluster\4.10.3\camel-cluster-4.10.3.jar;C:\Users\290676\.m2\repository\org\apache\camel\camel-controlbus\4.10.3\camel-controlbus-4.10.3.jar;C:\Users\290676\.m2\repository\org\apache\camel\camel-dataformat\4.10.3\camel-dataformat-4.10.3.jar;C:\Users\290676\.m2\repository\org\apache\camel\camel-dataset\4.10.3\camel-dataset-4.10.3.jar;C:\Users\290676\.m2\repository\org\apache\camel\camel-direct\4.10.3\camel-direct-4.10.3.jar;C:\Users\290676\.m2\repository\org\apache\camel\camel-health\4.10.3\camel-health-4.10.3.jar;C:\Users\290676\.m2\repository\org\apache\camel\camel-language\4.10.3\camel-language-4.10.3.jar;C:\Users\290676\.m2\repository\org\apache\camel\camel-log\4.10.3\camel-log-4.10.3.jar;C:\Users\290676\.m2\repository\org\apache\camel\camel-mock\4.10.3\camel-mock-4.10.3.jar;C:\Users\290676\.m2\repository\org\apache\camel\camel-ref\4.10.3\camel-ref-4.10.3.jar;C:\Users\290676\.m2\repository\org\apache\camel\camel-saga\4.10.3\camel-saga-4.10.3.jar;C:\Users\290676\.m2\repository\org\apache\camel\camel-scheduler\4.10.3\camel-scheduler-4.10.3.jar;C:\Users\290676\.m2\repository\org\apache\camel\camel-seda\4.10.3\camel-seda-4.10.3.jar;C:\Users\290676\.m2\repository\org\apache\camel\camel-stub\4.10.3\camel-stub-4.10.3.jar;C:\Users\290676\.m2\repository\org\apache\camel\camel-timer\4.10.3\camel-timer-4.10.3.jar;C:\Users\290676\.m2\repository\org\apache\camel\camel-validator\4.10.3\camel-validator-4.10.3.jar;C:\Users\290676\.m2\repository\org\apache\camel\camel-xpath\4.10.3\camel-xpath-4.10.3.jar;C:\Users\290676\.m2\repository\org\apache\camel\camel-xslt\4.10.3\camel-xslt-4.10.3.jar;C:\Users\290676\.m2\repository\org\apache\camel\camel-xml-io\4.10.3\camel-xml-io-4.10.3.jar;C:\Users\290676\.m2\repository\org\apache\camel\camel-xml-io-util\4.10.3\camel-xml-io-util-4.10.3.jar;C:\Users\290676\.m2\repository\org\apache\camel\camel-xml-jaxb\4.10.3\camel-xml-jaxb-4.10.3.jar;C:\Users\290676\.m2\repository\org\glassfish\jaxb\jaxb-runtime\4.0.5\jaxb-runtime-4.0.5.jar;C:\Users\290676\.m2\repository\org\glassfish\jaxb\jaxb-core\4.0.5\jaxb-core-4.0.5.jar;C:\Users\290676\.m2\repository\org\eclipse\angus\angus-activation\2.0.2\angus-activation-2.0.2.jar;C:\Users\290676\.m2\repository\org\glassfish\jaxb\txw2\4.0.5\txw2-4.0.5.jar;C:\Users\290676\.m2\repository\com\sun\istack\istack-commons-runtime\4.1.2\istack-commons-runtime-4.1.2.jar;C:\Users\290676\.m2\repository\org\apache\camel\camel-xml-jaxp\4.10.3\camel-xml-jaxp-4.10.3.jar;C:\Users\290676\.m2\repository\org\apache\camel\camel-yaml-io\4.10.3\camel-yaml-io-4.10.3.jar;C:\Users\290676\.m2\repository\org\apache\camel\camel-core-catalog\4.10.3\camel-core-catalog-4.10.3.jar;C:\Users\290676\.m2\repository\com\fasterxml\jackson\dataformat\jackson-dataformat-yaml\2.18.2\jackson-dataformat-yaml-2.18.2.jar;C:\Users\290676\.m2\repository\org\slf4j\slf4j-api\2.0.16\slf4j-api-2.0.16.jar;C:\Users\290676\.m2\repository\org\apache\camel\camel-core-processor\4.11.0\camel-core-processor-4.11.0.jar;C:\Users\290676\.m2\repository\org\apache\camel\camel-api\4.11.0\camel-api-4.11.0.jar;C:\Users\290676\.m2\repository\org\apache\camel\camel-base-engine\4.11.0\camel-base-engine-4.11.0.jar;C:\Users\290676\.m2\repository\org\apache\camel\camel-base\4.11.0\camel-base-4.11.0.jar;C:\Users\290676\.m2\repository\org\apache\camel\camel-util\4.11.0\camel-util-4.11.0.jar;C:\Users\290676\.m2\repository\org\springframework\boot\spring-boot-configuration-processor\3.4.1\spring-boot-configuration-processor-3.4.1.jar;C:\Users\290676\.m2\repository\org\apache\camel\springboot\camel-activemq-starter\4.11.0\camel-activemq-starter-4.11.0.jar;C:\Users\290676\.m2\repository\org\apache\camel\camel-activemq\4.11.0\camel-activemq-4.11.0.jar;C:\Users\290676\.m2\repository\org\apache\camel\camel-jms\4.11.0\camel-jms-4.11.0.jar;C:\Users\290676\.m2\repository\org\springframework\spring-jms\6.2.1\spring-jms-6.2.1.jar;C:\Users\290676\.m2\repository\org\springframework\spring-messaging\6.2.1\spring-messaging-6.2.1.jar;C:\Users\290676\.m2\repository\org\apache\activemq\activemq-client-jakarta\5.19.0\activemq-client-jakarta-5.19.0.jar;C:\Users\290676\.m2\repository\org\apache\activemq\activemq-client\6.1.6\activemq-client-6.1.6.jar;C:\Users\290676\.m2\repository\jakarta\jms\jakarta.jms-api\3.1.0\jakarta.jms-api-3.1.0.jar;C:\Users\290676\.m2\repository\org\fusesource\hawtbuf\hawtbuf\1.11\hawtbuf-1.11.jar;C:\Users\290676\.m2\repository\org\apache\activemq\activemq-broker\6.1.6\activemq-broker-6.1.6.jar;C:\Users\290676\.m2\repository\org\apache\activemq\activemq-openwire-legacy\6.1.4\activemq-openwire-legacy-6.1.4.jar;C:\Users\290676\.m2\repository\jakarta\annotation\jakarta.annotation-api\2.1.1\jakarta.annotation-api-2.1.1.jar;C:\Users\290676\.m2\repository\org\projectlombok\lombok\1.18.36\lombok-1.18.36.jar;C:\Users\290676\.m2\repository\com\fasterxml\jackson\datatype\jackson-datatype-jsr310\2.18.2\jackson-datatype-jsr310-2.18.2.jar;C:\Users\290676\.m2\repository\com\fasterxml\jackson\core\jackson-annotations\2.18.2\jackson-annotations-2.18.2.jar;C:\Users\290676\.m2\repository\com\fasterxml\jackson\core\jackson-core\2.18.2\jackson-core-2.18.2.jar;"/>
    <property name="sun.cpu.endian" value="little"/>
    <property name="user.home" value="C:\Users\290676"/>
    <property name="user.language" value="en"/>
    <property name="java.specification.vendor" value="Oracle Corporation"/>
    <property name="java.version.date" value="2024-01-16"/>
    <property name="java.home" value="C:\Program Files\Java\jdk-21.0.2"/>
    <property name="file.separator" value="\"/>
    <property name="basedir" value="C:\Users\290676\Desktop\local req2\mycart-app"/>
    <property name="java.vm.compressedOopsMode" value="Zero based"/>
    <property name="line.separator" value="&#10;"/>
    <property name="java.vm.specification.vendor" value="Oracle Corporation"/>
    <property name="java.specification.name" value="Java Platform API Specification"/>
    <property name="FILE_LOG_CHARSET" value="UTF-8"/>
    <property name="java.awt.headless" value="true"/>
    <property name="surefire.real.class.path" value="C:\Users\290676\AppData\Local\Temp\surefire7833301912920468054\surefirebooter-20250520154745684_3.jar"/>
    <property name="user.script" value=""/>
    <property name="sun.management.compiler" value="HotSpot 64-Bit Tiered Compilers"/>
    <property name="java.runtime.version" value="21.0.2+13-58"/>
    <property name="user.name" value="290676"/>
    <property name="stdout.encoding" value="Cp1252"/>
    <property name="path.separator" value=";"/>
    <property name="os.version" value="10.0"/>
    <property name="java.runtime.name" value="OpenJDK Runtime Environment"/>
    <property name="file.encoding" value="UTF-8"/>
    <property name="java.vm.name" value="OpenJDK 64-Bit Server VM"/>
    <property name="localRepository" value="C:\Users\290676\.m2\repository"/>
    <property name="java.vendor.url.bug" value="https://bugreport.java.com/bugreport/"/>
    <property name="java.io.tmpdir" value="C:\Users\290676\AppData\Local\Temp\"/>
    <property name="idea.version" value="2024.1.1"/>
    <property name="java.version" value="21.0.2"/>
    <property name="user.dir" value="C:\Users\290676\Desktop\local req2\mycart-app"/>
    <property name="os.arch" value="amd64"/>
    <property name="java.vm.specification.name" value="Java Virtual Machine Specification"/>
    <property name="PID" value="22476"/>
    <property name="sun.os.patch.level" value=""/>
    <property name="CONSOLE_LOG_CHARSET" value="UTF-8"/>
    <property name="native.encoding" value="Cp1252"/>
    <property name="java.library.path" value="C:\Program Files\Java\jdk-21.0.2\bin;C:\WINDOWS\Sun\Java\bin;C:\WINDOWS\system32;C:\WINDOWS;C:\WINDOWS\system32;C:\WINDOWS;C:\WINDOWS\System32\Wbem;C:\WINDOWS\System32\WindowsPowerShell\v1.0\;C:\WINDOWS\System32\OpenSSH\;C:\Program Files\Java\jdk-21.0.2\bin;C:\Program Files\Microsoft VS Code\bin;C:\ISHD\apache-maven-3.9.6-bin\apache-maven-3.9.6\bin;C:\Program Files\Git\cmd;C:\Program Files\PuTTY\;C:\Users\290676\AppData\Local\Microsoft\WindowsApps;C:\Users\290676\AppData\Local\Programs\Git\cmd;C:\Program Files\MongoDB\Server\8.0\bin;C:\Users\290676\AppData\Local\GitHubDesktop\bin;."/>
    <property name="java.vm.info" value="mixed mode, sharing"/>
    <property name="stderr.encoding" value="Cp1252"/>
    <property name="java.vendor" value="Oracle Corporation"/>
    <property name="java.vm.version" value="21.0.2+13-58"/>
    <property name="sun.io.unicode.encoding" value="UnicodeLittle"/>
    <property name="java.class.version" value="65.0"/>
    <property name="LOGGED_APPLICATION_NAME" value="[mycart-app] "/>
  </properties>
  <testcase name="contextLoads" classname="com.mycart.mycart_app.MycartAppApplicationTests" time="1.15">
    <system-out><![CDATA[15:47:47.062 [main] INFO org.springframework.test.context.support.AnnotationConfigContextLoaderUtils -- Could not detect default configuration classes for test class [com.mycart.mycart_app.MycartAppApplicationTests]: MycartAppApplicationTests does not declare any static, non-private, non-final, nested classes annotated with @Configuration.
15:47:47.182 [main] INFO org.springframework.boot.test.context.SpringBootTestContextBootstrapper -- Found @SpringBootConfiguration com.mycart.mycart_app.MycartAppApplication for test class com.mycart.mycart_app.MycartAppApplicationTests

  .   ____          _            __ _ _
 /\\ / ___'_ __ _ _(_)_ __  __ _ \ \ \ \
( ( )\___ | '_ | '_| | '_ \/ _` | \ \ \ \
 \\/  ___)| |_)| | | | | || (_| |  ) ) ) )
  '  |____| .__|_| |_|_| |_\__, | / / / /
 =========|_|==============|___/=/_/_/_/

 :: Spring Boot ::                (v3.4.1)

2025-05-20T15:47:47.674+05:30  INFO 22476 --- [mycart-app] [           main] c.m.m.MycartAppApplicationTests          : Starting MycartAppApplicationTests using Java 21.0.2 with PID 22476 (started by 290676 in C:\Users\290676\Desktop\local req2\mycart-app)
2025-05-20T15:47:47.675+05:30  INFO 22476 --- [mycart-app] [           main] c.m.m.MycartAppApplicationTests          : No active profile set, falling back to 1 default profile: "default"
2025-05-20T15:47:48.533+05:30  INFO 22476 --- [mycart-app] [           main] .s.d.r.c.RepositoryConfigurationDelegate : Bootstrapping Spring Data MongoDB repositories in DEFAULT mode.
2025-05-20T15:47:48.562+05:30  INFO 22476 --- [mycart-app] [           main] .s.d.r.c.RepositoryConfigurationDelegate : Finished Spring Data repository scanning in 21 ms. Found 0 MongoDB repository interfaces.
2025-05-20T15:47:49.953+05:30  INFO 22476 --- [mycart-app] [           main] org.mongodb.driver.client                : MongoClient with metadata {"driver": {"name": "mongo-java-driver|sync|spring-boot", "version": "5.2.1"}, "os": {"type": "Windows", "name": "Windows 11", "architecture": "amd64", "version": "10.0"}, "platform": "Java/Oracle Corporation/21.0.2+13-58"} created with settings MongoClientSettings{readPreference=primary, writeConcern=WriteConcern{w=null, wTimeout=null ms, journal=null}, retryWrites=true, retryReads=true, readConcern=ReadConcern{level=null}, credential=null, transportSettings=null, commandListeners=[], codecRegistry=ProvidersCodecRegistry{codecProviders=[ValueCodecProvider{}, BsonValueCodecProvider{}, DBRefCodecProvider{}, DBObjectCodecProvider{}, DocumentCodecProvider{}, CollectionCodecProvider{}, IterableCodecProvider{}, MapCodecProvider{}, GeoJsonCodecProvider{}, GridFSFileCodecProvider{}, Jsr310CodecProvider{}, JsonObjectCodecProvider{}, BsonCodecProvider{}, EnumCodecProvider{}, com.mongodb.client.model.mql.ExpressionCodecProvider@1d17423f, com.mongodb.Jep395RecordCodecProvider@5c70d7f0, com.mongodb.KotlinCodecProvider@582dcd35]}, loggerSettings=LoggerSettings{maxDocumentLength=1000}, clusterSettings={hosts=[localhost:27017], srvServiceName=mongodb, mode=SINGLE, requiredClusterType=UNKNOWN, requiredReplicaSetName='null', serverSelector='null', clusterListeners='[]', serverSelectionTimeout='30000 ms', localThreshold='15 ms'}, socketSettings=SocketSettings{connectTimeoutMS=10000, readTimeoutMS=0, receiveBufferSize=0, proxySettings=ProxySettings{host=null, port=null, username=null, password=null}}, heartbeatSocketSettings=SocketSettings{connectTimeoutMS=10000, readTimeoutMS=10000, receiveBufferSize=0, proxySettings=ProxySettings{host=null, port=null, username=null, password=null}}, connectionPoolSettings=ConnectionPoolSettings{maxSize=100, minSize=0, maxWaitTimeMS=120000, maxConnectionLifeTimeMS=0, maxConnectionIdleTimeMS=0, maintenanceInitialDelayMS=0, maintenanceFrequencyMS=60000, connectionPoolListeners=[], maxConnecting=2}, serverSettings=ServerSettings{heartbeatFrequencyMS=10000, minHeartbeatFrequencyMS=500, serverMonitoringMode=AUTO, serverListeners='[]', serverMonitorListeners='[]'}, sslSettings=SslSettings{enabled=false, invalidHostNameAllowed=false, context=null}, applicationName='null', compressorList=[], uuidRepresentation=JAVA_LEGACY, serverApi=null, autoEncryptionSettings=null, dnsClient=null, inetAddressResolver=null, contextProvider=null, timeoutMS=null}
2025-05-20T15:47:50.011+05:30  INFO 22476 --- [mycart-app] [localhost:27017] org.mongodb.driver.cluster               : Monitor thread successfully connected to server with description ServerDescription{address=localhost:27017, type=STANDALONE, cryptd=false, state=CONNECTED, ok=true, minWireVersion=0, maxWireVersion=25, maxDocumentSize=16777216, logicalSessionTimeoutMinutes=30, roundTripTimeNanos=40088100, minRoundTripTimeNanos=0}
2025-05-20T15:47:50.773+05:30  INFO 22476 --- [mycart-app] [           main] o.a.c.support.LifecycleStrategySupport   : Autowired property: mongoConnection on component: mongodb as exactly one instance of type: com.mongodb.client.MongoClient (com.mongodb.client.internal.MongoClientImpl) found in the registry
2025-05-20T15:47:51.188+05:30  INFO 22476 --- [mycart-app] [           main] o.a.c.component.mongodb.MongoDbEndpoint  : Initialising MongoDb endpoint: mongodb://mongoBean?collection=item&database=mycartdb&operation=findById
2025-05-20T15:47:51.207+05:30  INFO 22476 --- [mycart-app] [           main] o.a.c.component.mongodb.MongoDbEndpoint  : Initialising MongoDb endpoint: mongodb://mongoBean?collection=item&database=mycartdb&dynamicity=true&operation=save
2025-05-20T15:47:51.214+05:30  INFO 22476 --- [mycart-app] [           main] o.a.c.impl.engine.AbstractCamelContext   : Apache Camel 4.11.0 (camel-1) is starting
2025-05-20T15:47:51.229+05:30  INFO 22476 --- [mycart-app] [           main] o.a.c.component.mongodb.MongoDbEndpoint  : Initialising MongoDb endpoint: mongodb://mongoBean?collection=item&database=mycartdb&operation=findById
2025-05-20T15:47:51.230+05:30  INFO 22476 --- [mycart-app] [           main] o.a.c.component.mongodb.MongoDbEndpoint  : Initialising MongoDb endpoint: mongodb://mongoBean?collection=item&database=mycartdb&dynamicity=true&operation=findAll
2025-05-20T15:47:51.230+05:30  INFO 22476 --- [mycart-app] [           main] o.a.c.component.mongodb.MongoDbEndpoint  : Initialising MongoDb endpoint: mongodb://mongoBean?collection=category&database=mycartdb&dynamicity=true&operation=findById
2025-05-20T15:47:51.231+05:30  INFO 22476 --- [mycart-app] [           main] o.a.c.component.mongodb.MongoDbEndpoint  : Initialising MongoDb endpoint: mongodb://mongoBean?collection=category&database=mycartdb&dynamicity=true&operation=findById
2025-05-20T15:47:51.231+05:30  INFO 22476 --- [mycart-app] [           main] o.a.c.component.mongodb.MongoDbEndpoint  : Initialising MongoDb endpoint: mongodb://mongoBean?collection=item&database=mycartdb&operation=findById
2025-05-20T15:47:51.231+05:30  INFO 22476 --- [mycart-app] [           main] o.a.c.component.mongodb.MongoDbEndpoint  : Initialising MongoDb endpoint: mongodb://mongoBean?collection=item&database=mycartdb&dynamicity=true&operation=insert
2025-05-20T15:47:51.486+05:30  INFO 22476 --- [mycart-app] [           main] o.a.c.impl.engine.AbstractCamelContext   : Routes startup (total:5 rest-dsl:5)
2025-05-20T15:47:51.486+05:30  INFO 22476 --- [mycart-app] [           main] o.a.c.impl.engine.AbstractCamelContext   :     Started get-item-by-id-route (rest://get:/mycart/item:/%7Bid%7D)
2025-05-20T15:47:51.487+05:30  INFO 22476 --- [mycart-app] [           main] o.a.c.impl.engine.AbstractCamelContext   :     Started get-items-by-category-route (rest://get:/mycart/items:/%7BcategoryId%7D)
2025-05-20T15:47:51.487+05:30  INFO 22476 --- [mycart-app] [           main] o.a.c.impl.engine.AbstractCamelContext   :     Started insert-item-route (rest://post:/mycart/insertItem)
2025-05-20T15:47:51.487+05:30  INFO 22476 --- [mycart-app] [           main] o.a.c.impl.engine.AbstractCamelContext   :     Started route-update-inventory-process (rest://post:/mycart/updateInventory)
2025-05-20T15:47:51.487+05:30  INFO 22476 --- [mycart-app] [           main] o.a.c.impl.engine.AbstractCamelContext   :     Started route-inventory-update-rest (rest://post:/mycart:/updateInventoryAsync)
2025-05-20T15:47:51.487+05:30  INFO 22476 --- [mycart-app] [           main] o.a.c.impl.engine.AbstractCamelContext   : Apache Camel 4.11.0 (camel-1) started in 272ms (build:0ms init:0ms start:272ms boot:2s318ms)
2025-05-20T15:47:51.490+05:30  INFO 22476 --- [mycart-app] [           main] c.m.m.MycartAppApplicationTests          : Started MycartAppApplicationTests in 4.13 seconds (process running for 5.313)
]]></system-out>
    <system-err><![CDATA[Mockito is currently self-attaching to enable the inline-mock-maker. This will no longer work in future releases of the JDK. Please add Mockito as an agent to your build what is described in Mockito's documentation: https://javadoc.io/doc/org.mockito/mockito-core/latest/org/mockito/Mockito.html#0.3
WARNING: A Java agent has been loaded dynamically (C:\Users\290676\.m2\repository\net\bytebuddy\byte-buddy-agent\1.15.11\byte-buddy-agent-1.15.11.jar)
WARNING: If a serviceability tool is in use, please run with -XX:+EnableDynamicAgentLoading to hide this warning
WARNING: If a serviceability tool is not in use, please run with -Djdk.instrument.traceUsage for more information
WARNING: Dynamic loading of agents will be disallowed by default in a future release
]]></system-err>
  </testcase>
</testsuite>